version: 1
# LDIF for adding a Device providing one Application Entity available on one Network connection
# Adjust Base DN (dc=dcm4che,dc=org), Device name (SAMPLE_DEVICE), AE Title (SAMPLE_AET),
# Hostname (sample.host.name) and Port number before import it into the LDAP server

# Unique AE Title
# (will fail if there is already an object for the same AE Title)
#!RESULT OK
#!CONNECTION ldap://localhost:10389
#!DATE 2018-06-15T16:21:25.045
dn: dicomAETitle=SAMPLE_AET,cn=Unique AE Titles Registry,cn=DICOM Configurat
 ion,dc=dcm4che,dc=org
objectClass: dicomUniqueAETitle
dicomAETitle: SAMPLE_AET

# Device
#!RESULT OK
#!CONNECTION ldap://localhost:10389
#!DATE 2018-06-15T16:21:25.812
dn: dicomDeviceName=SAMPLE_DEVICE,cn=Devices,cn=DICOM Configuration,dc=dcm4c
 he,dc=org
objectClass: dicomDevice
dicomDeviceName: SAMPLE_DEVICE
dicomInstalled: TRUE

# Network Connection
#!RESULT OK
#!CONNECTION ldap://localhost:10389
#!DATE 2018-06-15T16:21:26.626
dn: cn=dicom,dicomDeviceName=SAMPLE_DEVICE,cn=Devices,cn=DICOM Configuration
 ,dc=dcm4che,dc=org
objectClass: dicomNetworkConnection
cn: dicom
dicomHostname: sample.host.name
dicomPort: 12345

# Network Connection (secure)
# dn: cn=dicom-tls,dicomDeviceName=SAMPLE_DEVICE,cn=Devices,cn=DICOM Configuration,dc=dcm4che,dc=org
# cn: dicom-tls
# objectClass: dicomNetworkConnection
# dicomHostname: sample.host.name
# dicomPort: 23456
# dicomTLSCipherSuite: TLS_RSA_WITH_AES_128_CBC_SHA
# dicomTLSCipherSuite: SSL_RSA_WITH_3DES_EDE_CBC_SHA

# Network Application Entity
#!RESULT OK
#!CONNECTION ldap://localhost:10389
#!DATE 2018-06-15T16:21:27.443
dn: dicomAETitle=SAMPLE_AET,dicomDeviceName=SAMPLE_DEVICE,cn=Devices,cn=DICO
 M Configuration,dc=dcm4che,dc=org
objectClass: dicomNetworkAE
dicomAETitle: SAMPLE_AET
dicomNetworkConnectionReference: cn=dicom,dicomDeviceName=SAMPLE_DEVICE,cn=D
 evices,cn=DICOM Configuration,dc=dcm4che,dc=org
# dicomNetworkConnectionReference: cn=dicom-tls,dicomDeviceName=SAMPLE_DEVICE,cn=Devices,cn=DICOM Configuration,dc=dcm4che,dc=org
dicomAssociationInitiator: TRUE
dicomAssociationAcceptor: TRUE